{
  "RSpec": {
    "coverage": {
      "/Users/aimeecraig/Projects/Makers Academy/Week 3/battle-in-the-browser/spec/features/attack_spec.rb": [
        1,
        1,
        1,
        1,
        1,
        null,
        null,
        1,
        1,
        1,
        1,
        1,
        1,
        null,
        null
      ],
      "/Users/aimeecraig/Projects/Makers Academy/Week 3/battle-in-the-browser/spec/features/enter_names_spec.rb": [
        1,
        1,
        1,
        1,
        null,
        null
      ],
      "/Users/aimeecraig/Projects/Makers Academy/Week 3/battle-in-the-browser/spec/features/hit_points_spec.rb": [
        1,
        1,
        1,
        1,
        null,
        null,
        1,
        1,
        1,
        null,
        null
      ],
      "/Users/aimeecraig/Projects/Makers Academy/Week 3/battle-in-the-browser/spec/features/reduce_hit_points_spec.rb": [
        1,
        1,
        1,
        1,
        1,
        1,
        null,
        null,
        1,
        1,
        1,
        1,
        1,
        1,
        1,
        null,
        null,
        1,
        1,
        1,
        null,
        null
      ],
      "/Users/aimeecraig/Projects/Makers Academy/Week 3/battle-in-the-browser/spec/game_spec.rb": [
        1,
        null,
        1,
        7,
        7,
        7,
        null,
        1,
        1,
        1,
        null,
        null,
        1,
        1,
        null,
        null,
        null,
        1,
        1,
        1,
        1,
        null,
        null,
        null,
        1,
        1,
        1,
        1,
        null,
        null,
        null,
        1,
        1,
        1,
        null,
        null,
        null,
        1,
        1,
        1,
        null,
        null,
        null
      ],
      "/Users/aimeecraig/Projects/Makers Academy/Week 3/battle-in-the-browser/spec/player_spec.rb": [
        1,
        null,
        1,
        3,
        1,
        null,
        1,
        1,
        1,
        1,
        null,
        null,
        null,
        1,
        1,
        1,
        null,
        null,
        null,
        1,
        1,
        4,
        null,
        null,
        null
      ]
    },
    "timestamp": 1539873564
  }
}
